2018-09-05 14:15:31.733 - admin@admin.com - Method: Authenticate, Message: User authenticated successfuly
2018-09-05 14:15:54.997 - admin@admin.com - Method: ChangeRoles, Message: Roles(canVerifyKYC) of User(h.niloofar@gmail.com) changed successfuly
2018-09-05 14:16:40.172 - admin@admin.com - Method: ChangeRoles, Message: Roles(canVerifyKYC,canChangeRoles) of User(admin@admin.com) changed successfuly
2018-09-05 14:17:16.587 - admin@admin.com - Method: ChangeRoles, Message: Roles(canVerifyKYC,canChangeRoles) of User(admin@admin.com) changed successfuly
2018-09-05 14:22:23.574 - h2.niloofar@gmail.com - Method: RegisterUser, Message: User registered successfuly
2018-09-05 14:22:26.014 - h2.niloofar@gmail.com - Method: RegisterUser, Message: Verification Email sent
2018-09-05 14:22:45.243 - h3.niloofar@gmail.com - Method: RegisterUser, Message: User registered successfuly
2018-09-05 14:22:47.232 - h3.niloofar@gmail.com - Method: RegisterUser, Message: Verification Email sent
2018-09-05 14:25:43.935 - admin@admin.com - Method: VerifyKYC, Message: User(h.niloofar@gmail.com) KYC verified
2018-09-05 14:25:46.051 - admin@admin.com - Method: VerifyKYC, Message: KYC verifiation successful Email sent to h.niloofar@gmail.com
2018-09-05 14:26:30.140 - admin@admin.com - Method: VerifyKYC, Message: User(h.niloofar@gmail.com) KYC verified
2018-09-05 14:26:32.244 - admin@admin.com - Method: VerifyKYC, Message: KYC verifiation successful Email sent to h.niloofar@gmail.com
2018-09-05 16:15:47.832 - h.niloofar@gmail.com - Method: Authenticate, Error: Wrong Password
2018-09-05 16:15:53.180 - h.niloofar@gmail.com - Method: Authenticate, Message: User authenticated successfuly
2018-09-05 16:18:15.735 - h.niloofar@gmail.com - Method: UpdateKYC, Message: User KYC Updated
2018-09-05 16:19:24.667 - h.niloofar@gmail.com - Method: UpdateKYC, Message: User KYC Updated
2018-09-05 17:14:36.440 - admin@admin.com - Method: VerifyKYC, Message: User(h.niloofar@gmail.com) KYC verified
2018-09-05 17:14:38.920 - admin@admin.com - Method: VerifyKYC, Message: KYC verifiation successful Email sent to h.niloofar@gmail.com
2018-09-05 17:55:45.846 -  - --
2018-09-05 18:11:35.587 - admin@admin.com - Method: ChangeRoles, Message: Roles(canVerifyKYC,canChangeRoles,admin) of User(admin@admin.com) changed successfuly
